<?xml version="1.0" encoding="UTF-8"?>
<!-- Generated by org.testng.reporters.JUnitXMLReporter -->
<testsuite ignored="0" hostname="Yathirv" failures="0" tests="6" name="Test" time="0.054" errors="0" timestamp="2022-02-09T13:40:47 IST">
  <testcase classname="Maven.AppiumTest" name="AndroidApp" time="0.008"/>
  <testcase classname="Maven.RestAPITest" name="DeleteTwitter" time="0.008"/>
  <testcase classname="Maven.SeleniumTest" name="BrowserAutomation" time="0.008"/>
  <testcase classname="Maven.RestAPITest" name="PostJira" time="0.001"/>
  <testcase classname="Maven.AppiumTest" name="IOS" time="0.002"/>
  <testcase classname="Maven.SeleniumTest" name="ElementsUI" time="0.003"/>
</testsuite> <!-- Test -->
