<?xml version="1.0" encoding="UTF-8"?>
<testng-results ignored="0" total="2" passed="2" failed="0" skipped="0">
  <reporter-output>
  </reporter-output>
  <suite started-at="2022-02-01T19:32:02 IST" name="Default suite" finished-at="2022-02-01T19:32:02 IST" duration-ms="36">
    <groups>
    </groups>
    <test started-at="2022-02-01T19:32:02 IST" name="Default test" finished-at="2022-02-01T19:32:02 IST" duration-ms="36">
      <class name="Maven.SeleniumTest">
        <test-method signature="BrowserAutomation()[pri:0, instance:Maven.SeleniumTest@1b1473ab]" started-at="2022-02-01T19:32:02 IST" name="BrowserAutomation" finished-at="2022-02-01T19:32:02 IST" duration-ms="6" status="PASS">
          <reporter-output>
          </reporter-output>
        </test-method> <!-- BrowserAutomation -->
        <test-method signature="ElementsUI()[pri:0, instance:Maven.SeleniumTest@1b1473ab]" started-at="2022-02-01T19:32:02 IST" name="ElementsUI" finished-at="2022-02-01T19:32:02 IST" duration-ms="1" status="PASS">
          <reporter-output>
          </reporter-output>
        </test-method> <!-- ElementsUI -->
      </class> <!-- Maven.SeleniumTest -->
    </test> <!-- Default test -->
  </suite> <!-- Default suite -->
</testng-results>
