<?xml version="1.0" encoding="UTF-8"?>
<testng-results ignored="0" total="6" passed="6" failed="0" skipped="0">
  <reporter-output>
  </reporter-output>
  <suite started-at="2022-02-09T13:40:47 IST" name="Suite" finished-at="2022-02-09T13:40:47 IST" duration-ms="54">
    <groups>
    </groups>
    <test started-at="2022-02-09T13:40:47 IST" name="Test" finished-at="2022-02-09T13:40:47 IST" duration-ms="54">
      <class name="Maven.SeleniumTest">
        <test-method signature="BrowserAutomation()[pri:0, instance:Maven.SeleniumTest@659a969b]" started-at="2022-02-09T13:40:47 IST" name="BrowserAutomation" finished-at="2022-02-09T13:40:47 IST" duration-ms="8" status="PASS">
          <reporter-output>
          </reporter-output>
        </test-method> <!-- BrowserAutomation -->
        <test-method signature="ElementsUI()[pri:0, instance:Maven.SeleniumTest@659a969b]" started-at="2022-02-09T13:40:47 IST" name="ElementsUI" finished-at="2022-02-09T13:40:47 IST" duration-ms="3" status="PASS">
          <reporter-output>
          </reporter-output>
        </test-method> <!-- ElementsUI -->
      </class> <!-- Maven.SeleniumTest -->
      <class name="Maven.AppiumTest">
        <test-method signature="AndroidApp()[pri:0, instance:Maven.AppiumTest@5be6e01c]" started-at="2022-02-09T13:40:47 IST" name="AndroidApp" finished-at="2022-02-09T13:40:47 IST" duration-ms="8" status="PASS">
          <reporter-output>
          </reporter-output>
        </test-method> <!-- AndroidApp -->
        <test-method signature="IOS()[pri:0, instance:Maven.AppiumTest@5be6e01c]" started-at="2022-02-09T13:40:47 IST" name="IOS" finished-at="2022-02-09T13:40:47 IST" duration-ms="2" status="PASS">
          <reporter-output>
          </reporter-output>
        </test-method> <!-- IOS -->
      </class> <!-- Maven.AppiumTest -->
      <class name="Maven.RestAPITest">
        <test-method signature="DeleteTwitter()[pri:0, instance:Maven.RestAPITest@1d119efb]" started-at="2022-02-09T13:40:47 IST" name="DeleteTwitter" finished-at="2022-02-09T13:40:47 IST" duration-ms="8" status="PASS">
          <reporter-output>
          </reporter-output>
        </test-method> <!-- DeleteTwitter -->
        <test-method signature="PostJira()[pri:0, instance:Maven.RestAPITest@1d119efb]" started-at="2022-02-09T13:40:47 IST" name="PostJira" finished-at="2022-02-09T13:40:47 IST" duration-ms="1" status="PASS">
          <reporter-output>
          </reporter-output>
        </test-method> <!-- PostJira -->
      </class> <!-- Maven.RestAPITest -->
    </test> <!-- Test -->
  </suite> <!-- Suite -->
</testng-results>
